   1               		.file	"temp.c"
   2               	__SP_H__ = 0x3e
   3               	__SP_L__ = 0x3d
   4               	__SREG__ = 0x3f
   5               	__tmp_reg__ = 0
   6               	__zero_reg__ = 1
   7               		.text
   8               	.Ltext0:
   9               		.cfi_sections	.debug_frame
  10               	.global	temp_init
  12               	temp_init:
  13               	.LFB6:
  14               		.file 1 "temp.c"
   1:temp.c        **** #include "temp.h"
   2:temp.c        **** 
   3:temp.c        **** uint8_t temp_init(void)
   4:temp.c        **** {
  15               		.loc 1 4 0
  16               		.cfi_startproc
  17               	/* prologue: function */
  18               	/* frame size = 0 */
  19               	/* stack size = 0 */
  20               	.L__stack_usage = 0
   5:temp.c        **** 	OW_reset();
  21               		.loc 1 5 0
  22 0000 0E94 0000 		call OW_reset
  23               	.LVL0:
   6:temp.c        **** 	return OW_reset();
  24               		.loc 1 6 0
  25 0004 0C94 0000 		jmp OW_reset
  26               	.LVL1:
  27               		.cfi_endproc
  28               	.LFE6:
  30               	.global	temp_start
  32               	temp_start:
  33               	.LFB7:
   7:temp.c        **** }
   8:temp.c        **** 
   9:temp.c        **** uint8_t temp_start(void)
  10:temp.c        **** {
  34               		.loc 1 10 0
  35               		.cfi_startproc
  36 0008 CF93      		push r28
  37               	.LCFI0:
  38               		.cfi_def_cfa_offset 3
  39               		.cfi_offset 28, -2
  40               	/* prologue: function */
  41               	/* frame size = 0 */
  42               	/* stack size = 1 */
  43               	.L__stack_usage = 1
  11:temp.c        **** 	if(OW_reset()) return 1; //Niepodłączone urządzenie
  44               		.loc 1 11 0
  45 000a 0E94 0000 		call OW_reset
  46               	.LVL2:
  47 000e C82F      		mov r28,r24
  48 0010 8111      		cpse r24,__zero_reg__
  49 0012 00C0      		rjmp .L4
  12:temp.c        **** 	OW_send(0xCC); //Skip ROM
  50               		.loc 1 12 0
  51 0014 8CEC      		ldi r24,lo8(-52)
  52 0016 0E94 0000 		call OW_send
  53               	.LVL3:
  13:temp.c        **** 	OW_send(0x44);
  54               		.loc 1 13 0
  55 001a 84E4      		ldi r24,lo8(68)
  56 001c 0E94 0000 		call OW_send
  57               	.LVL4:
  14:temp.c        **** 	return 0;
  58               		.loc 1 14 0
  59 0020 00C0      		rjmp .L3
  60               	.L4:
  11:temp.c        **** 	OW_send(0xCC); //Skip ROM
  61               		.loc 1 11 0
  62 0022 C1E0      		ldi r28,lo8(1)
  63               	.L3:
  15:temp.c        **** }
  64               		.loc 1 15 0
  65 0024 8C2F      		mov r24,r28
  66               	/* epilogue start */
  67 0026 CF91      		pop r28
  68 0028 0895      		ret
  69               		.cfi_endproc
  70               	.LFE7:
  72               	.global	temp_read
  74               	temp_read:
  75               	.LFB8:
  16:temp.c        **** 
  17:temp.c        **** int16_t temp_read(void)
  18:temp.c        **** {
  76               		.loc 1 18 0
  77               		.cfi_startproc
  78 002a CF93      		push r28
  79               	.LCFI1:
  80               		.cfi_def_cfa_offset 3
  81               		.cfi_offset 28, -2
  82 002c DF93      		push r29
  83               	.LCFI2:
  84               		.cfi_def_cfa_offset 4
  85               		.cfi_offset 29, -3
  86               	/* prologue: function */
  87               	/* frame size = 0 */
  88               	/* stack size = 2 */
  89               	.L__stack_usage = 2
  19:temp.c        **** 	int16_t temperature;
  20:temp.c        **** 	OW_reset();
  90               		.loc 1 20 0
  91 002e 0E94 0000 		call OW_reset
  92               	.LVL5:
  21:temp.c        **** 	OW_send(0xCC);
  93               		.loc 1 21 0
  94 0032 8CEC      		ldi r24,lo8(-52)
  95 0034 0E94 0000 		call OW_send
  96               	.LVL6:
  22:temp.c        **** 	OW_send(0xBE);
  97               		.loc 1 22 0
  98 0038 8EEB      		ldi r24,lo8(-66)
  99 003a 0E94 0000 		call OW_send
 100               	.LVL7:
  23:temp.c        **** 	temperature = OW_recv();
 101               		.loc 1 23 0
 102 003e 0E94 0000 		call OW_recv
 103               	.LVL8:
 104 0042 C82F      		mov r28,r24
 105 0044 D0E0      		ldi r29,0
 106               	.LVL9:
  24:temp.c        **** 	temperature |=((int16_t)OW_recv())<<8;
 107               		.loc 1 24 0
 108 0046 0E94 0000 		call OW_recv
 109               	.LVL10:
  25:temp.c        **** 	return temperature;
  26:temp.c        **** }
 110               		.loc 1 26 0
 111 004a 9E01      		movw r18,r28
 112 004c 382B      		or r19,r24
 113 004e C901      		movw r24,r18
 114               	.LVL11:
 115               	/* epilogue start */
 116 0050 DF91      		pop r29
 117 0052 CF91      		pop r28
 118 0054 0895      		ret
 119               		.cfi_endproc
 120               	.LFE8:
 122               	.Letext0:
 123               		.file 2 "/usr/lib/avr/include/stdint.h"
 124               		.file 3 "owi.h"
DEFINED SYMBOLS
                            *ABS*:0000000000000000 temp.c
     /tmp/ccnzPQwL.s:2      *ABS*:000000000000003e __SP_H__
     /tmp/ccnzPQwL.s:3      *ABS*:000000000000003d __SP_L__
     /tmp/ccnzPQwL.s:4      *ABS*:000000000000003f __SREG__
     /tmp/ccnzPQwL.s:5      *ABS*:0000000000000000 __tmp_reg__
     /tmp/ccnzPQwL.s:6      *ABS*:0000000000000001 __zero_reg__
     /tmp/ccnzPQwL.s:12     .text:0000000000000000 temp_init
     /tmp/ccnzPQwL.s:32     .text:0000000000000008 temp_start
     /tmp/ccnzPQwL.s:74     .text:000000000000002a temp_read

UNDEFINED SYMBOLS
OW_reset
OW_send
OW_recv
